e:\dx12source\code.textures\chapter 9 texturing\texwaves\x64\debug\vc142.pdb
e:\dx12source\code.textures\chapter 9 texturing\texwaves\x64\debug\vc142.idb
e:\dx12source\code.textures\chapter 9 texturing\texwaves\x64\debug\waves.obj
e:\dx12source\code.textures\chapter 9 texturing\texwaves\x64\debug\texwavesapp.obj
e:\dx12source\code.textures\chapter 9 texturing\texwaves\x64\debug\frameresource.obj
e:\dx12source\code.textures\chapter 9 texturing\texwaves\x64\debug\mathhelper.obj
e:\dx12source\code.textures\chapter 9 texturing\texwaves\x64\debug\geometrygenerator.obj
e:\dx12source\code.textures\chapter 9 texturing\texwaves\x64\debug\gametimer.obj
e:\dx12source\code.textures\chapter 9 texturing\texwaves\x64\debug\ddstextureloader.obj
e:\dx12source\code.textures\chapter 9 texturing\texwaves\x64\debug\d3dutil.obj
e:\dx12source\code.textures\chapter 9 texturing\texwaves\x64\debug\d3dapp.obj
e:\dx12source\code.textures\chapter 9 texturing\texwaves\x64\debug\texwaves.ilk
e:\dx12source\code.textures\chapter 9 texturing\texwaves\x64\debug\texwaves.exe
e:\dx12source\code.textures\chapter 9 texturing\texwaves\x64\debug\texwaves.pdb
e:\dx12source\code.textures\chapter 9 texturing\texwaves\x64\debug\texwaves.tlog\cl.command.1.tlog
e:\dx12source\code.textures\chapter 9 texturing\texwaves\x64\debug\texwaves.tlog\cl.read.1.tlog
e:\dx12source\code.textures\chapter 9 texturing\texwaves\x64\debug\texwaves.tlog\cl.write.1.tlog
e:\dx12source\code.textures\chapter 9 texturing\texwaves\x64\debug\texwaves.tlog\link.command.1.tlog
e:\dx12source\code.textures\chapter 9 texturing\texwaves\x64\debug\texwaves.tlog\link.read.1.tlog
e:\dx12source\code.textures\chapter 9 texturing\texwaves\x64\debug\texwaves.tlog\link.write.1.tlog
