d:\dx12source\code.textures\chapter 16 instancing and frustum culling\instancingandculling\x64\debug\vc143.pdb
d:\dx12source\code.textures\chapter 16 instancing and frustum culling\instancingandculling\x64\debug\vc143.idb
d:\dx12source\code.textures\chapter 16 instancing and frustum culling\instancingandculling\x64\debug\instancingandcullingapp.obj
d:\dx12source\code.textures\chapter 16 instancing and frustum culling\instancingandculling\x64\debug\frameresource.obj
d:\dx12source\code.textures\chapter 16 instancing and frustum culling\instancingandculling\x64\debug\mathhelper.obj
d:\dx12source\code.textures\chapter 16 instancing and frustum culling\instancingandculling\x64\debug\geometrygenerator.obj
d:\dx12source\code.textures\chapter 16 instancing and frustum culling\instancingandculling\x64\debug\gametimer.obj
d:\dx12source\code.textures\chapter 16 instancing and frustum culling\instancingandculling\x64\debug\ddstextureloader.obj
d:\dx12source\code.textures\chapter 16 instancing and frustum culling\instancingandculling\x64\debug\d3dutil.obj
d:\dx12source\code.textures\chapter 16 instancing and frustum culling\instancingandculling\x64\debug\d3dapp.obj
d:\dx12source\code.textures\chapter 16 instancing and frustum culling\instancingandculling\x64\debug\camera.obj
d:\dx12source\code.textures\chapter 16 instancing and frustum culling\instancingandculling\x64\debug\instancingandculling.ilk
d:\dx12source\code.textures\chapter 16 instancing and frustum culling\instancingandculling\x64\debug\instancingandculling.exe
d:\dx12source\code.textures\chapter 16 instancing and frustum culling\instancingandculling\x64\debug\instancingandculling.pdb
d:\dx12source\code.textures\chapter 16 instancing and frustum culling\instancingandculling\x64\debug\instanci.08edfac3.tlog\cl.command.1.tlog
d:\dx12source\code.textures\chapter 16 instancing and frustum culling\instancingandculling\x64\debug\instanci.08edfac3.tlog\cl.read.1.tlog
d:\dx12source\code.textures\chapter 16 instancing and frustum culling\instancingandculling\x64\debug\instanci.08edfac3.tlog\cl.write.1.tlog
d:\dx12source\code.textures\chapter 16 instancing and frustum culling\instancingandculling\x64\debug\instanci.08edfac3.tlog\link.command.1.tlog
d:\dx12source\code.textures\chapter 16 instancing and frustum culling\instancingandculling\x64\debug\instanci.08edfac3.tlog\link.read.1.tlog
d:\dx12source\code.textures\chapter 16 instancing and frustum culling\instancingandculling\x64\debug\instanci.08edfac3.tlog\link.write.1.tlog
