e:\dx12source\code.textures\chapter 9 texturing\texwaves\x64\release\vc142.pdb
e:\dx12source\code.textures\chapter 9 texturing\texwaves\x64\release\waves.obj
e:\dx12source\code.textures\chapter 9 texturing\texwaves\x64\release\texwavesapp.obj
e:\dx12source\code.textures\chapter 9 texturing\texwaves\x64\release\frameresource.obj
e:\dx12source\code.textures\chapter 9 texturing\texwaves\x64\release\mathhelper.obj
e:\dx12source\code.textures\chapter 9 texturing\texwaves\x64\release\geometrygenerator.obj
e:\dx12source\code.textures\chapter 9 texturing\texwaves\x64\release\gametimer.obj
e:\dx12source\code.textures\chapter 9 texturing\texwaves\x64\release\ddstextureloader.obj
e:\dx12source\code.textures\chapter 9 texturing\texwaves\x64\release\d3dutil.obj
e:\dx12source\code.textures\chapter 9 texturing\texwaves\x64\release\d3dapp.obj
e:\dx12source\code.textures\chapter 9 texturing\texwaves\x64\release\texwaves.exe
e:\dx12source\code.textures\chapter 9 texturing\texwaves\x64\release\texwaves.pdb
e:\dx12source\code.textures\chapter 9 texturing\texwaves\x64\release\texwaves.ipdb
e:\dx12source\code.textures\chapter 9 texturing\texwaves\x64\release\texwaves.iobj
e:\dx12source\code.textures\chapter 9 texturing\texwaves\x64\release\texwaves.tlog\cl.command.1.tlog
e:\dx12source\code.textures\chapter 9 texturing\texwaves\x64\release\texwaves.tlog\cl.read.1.tlog
e:\dx12source\code.textures\chapter 9 texturing\texwaves\x64\release\texwaves.tlog\cl.write.1.tlog
e:\dx12source\code.textures\chapter 9 texturing\texwaves\x64\release\texwaves.tlog\link.command.1.tlog
e:\dx12source\code.textures\chapter 9 texturing\texwaves\x64\release\texwaves.tlog\link.read.1.tlog
e:\dx12source\code.textures\chapter 9 texturing\texwaves\x64\release\texwaves.tlog\link.write.1.tlog
e:\dx12source\code.textures\chapter 9 texturing\texwaves\x64\release\texwaves.tlog\texwaves.write.1u.tlog
